[     3.84 ] error    3 BadWindow    request    2 minor    0 serial   2411: "BadWindow (invalid Window parameter)"
[  2532.26 ] error    3 BadWindow    request    2 minor    0 serial 2389885: "BadWindow (invalid Window parameter)"
[  2532.26 ] error    3 BadWindow    request  129 minor    6 serial 2389886: "BadWindow (invalid Window parameter)"
[  2532.26 ] error    3 BadWindow    request   20 minor    0 serial 2389887: "BadWindow (invalid Window parameter)"
[  2532.26 ] error    3 BadWindow    request   15 minor    0 serial 2389888: "BadWindow (invalid Window parameter)"
[  2532.26 ] error    3 BadWindow    request    2 minor    0 serial 2389889: "BadWindow (invalid Window parameter)"
[  2532.26 ] error    3 BadWindow    request   20 minor    0 serial 2389891: "BadWindow (invalid Window parameter)"
[  2532.26 ] error    3 BadWindow    request  129 minor    5 serial 2389892: "BadWindow (invalid Window parameter)"
[  2532.26 ] error    3 BadWindow    request   20 minor    0 serial 2389893: "BadWindow (invalid Window parameter)"
[  2573.56 ] error    3 BadWindow    request    2 minor    0 serial 2423913: "BadWindow (invalid Window parameter)"
[  2714.85 ] error    3 BadWindow    request    2 minor    0 serial 2687611: "BadWindow (invalid Window parameter)"
[  3098.29 ] error    3 BadWindow    request    2 minor    0 serial 3031315: "BadWindow (invalid Window parameter)"
[  3113.44 ] error    3 BadWindow    request    2 minor    0 serial 3047188: "BadWindow (invalid Window parameter)"
[  3113.44 ] error    3 BadWindow    request    2 minor    0 serial 3047213: "BadWindow (invalid Window parameter)"
[  3113.44 ] error    3 BadWindow    request    2 minor    0 serial 3047248: "BadWindow (invalid Window parameter)"
[  3113.44 ] error    3 BadWindow    request    2 minor    0 serial 3047295: "BadWindow (invalid Window parameter)"
[  3113.44 ] error    3 BadWindow    request    2 minor    0 serial 3047301: "BadWindow (invalid Window parameter)"
[  3113.44 ] error    3 BadWindow    request    2 minor    0 serial 3047307: "BadWindow (invalid Window parameter)"
[  3113.44 ] error    3 BadWindow    request    2 minor    0 serial 3047313: "BadWindow (invalid Window parameter)"
[  3116.35 ] error    3 BadWindow    request    2 minor    0 serial 3053285: "BadWindow (invalid Window parameter)"
[  3119.99 ] error    3 BadWindow    request    2 minor    0 serial 3058313: "BadWindow (invalid Window parameter)"
[  3128.12 ] error    3 BadWindow    request    2 minor    0 serial 3067727: "BadWindow (invalid Window parameter)"
[  3128.12 ] error    3 BadWindow    request   20 minor    0 serial 3067729: "BadWindow (invalid Window parameter)"
[  3128.12 ] error    3 BadWindow    request    2 minor    0 serial 3067736: "BadWindow (invalid Window parameter)"
[  3128.12 ] error    3 BadWindow    request   20 minor    0 serial 3067738: "BadWindow (invalid Window parameter)"
[  3251.35 ] error    3 BadWindow    request    2 minor    0 serial 3301291: "BadWindow (invalid Window parameter)"
[  3267.36 ] error    3 BadWindow    request    2 minor    0 serial 3335731: "BadWindow (invalid Window parameter)"
[  3629.73 ] error    3 BadWindow    request    2 minor    0 serial 3712664: "BadWindow (invalid Window parameter)"
[  3629.73 ] error    3 BadWindow    request   20 minor    0 serial 3712666: "BadWindow (invalid Window parameter)"
[  3629.73 ] error    3 BadWindow    request    2 minor    0 serial 3712681: "BadWindow (invalid Window parameter)"
[  3629.73 ] error    3 BadWindow    request   20 minor    0 serial 3712683: "BadWindow (invalid Window parameter)"
[  3753.21 ] error    3 BadWindow    request    2 minor    0 serial 3857921: "BadWindow (invalid Window parameter)"
[  3753.21 ] error    3 BadWindow    request   20 minor    0 serial 3857923: "BadWindow (invalid Window parameter)"
[  3753.21 ] error    3 BadWindow    request    2 minor    0 serial 3857932: "BadWindow (invalid Window parameter)"
[  3753.21 ] error    3 BadWindow    request   20 minor    0 serial 3857934: "BadWindow (invalid Window parameter)"
[  6049.01 ] error    3 BadWindow    